2025-04-11 11:02:30 [restartedMain] INFO  com.example.demo.DemoApplication - Starting DemoApplication using Java 17.0.4.1 on DESKTOP-S14E6EM with PID 8340 (C:\Users\lenovo\eclipse-workspace\Final Project\Demo\target\classes started by lenovo in C:\Users\lenovo\eclipse-workspace\Final Project\Demo)
2025-04-11 11:02:30 [restartedMain] INFO  com.example.demo.DemoApplication - No active profile set, falling back to 1 default profile: "default"
2025-04-11 11:02:30 [restartedMain] INFO  o.s.b.d.e.DevToolsPropertyDefaultsPostProcessor - Devtools property defaults active! Set 'spring.devtools.add-properties' to 'false' to disable
2025-04-11 11:02:30 [restartedMain] INFO  o.s.b.d.e.DevToolsPropertyDefaultsPostProcessor - For additional web related logging consider setting the 'logging.level.web' property to 'DEBUG'
2025-04-11 11:02:34 [restartedMain] INFO  o.s.b.w.e.tomcat.TomcatWebServer - Tomcat initialized with port(s): 9090 (http)
2025-04-11 11:02:34 [restartedMain] INFO  o.a.catalina.core.StandardService - Starting service [Tomcat]
2025-04-11 11:02:34 [restartedMain] INFO  o.a.catalina.core.StandardEngine - Starting Servlet engine: [Apache Tomcat/9.0.65]
2025-04-11 11:02:34 [restartedMain] INFO  o.a.c.c.C.[Tomcat].[localhost].[/] - Initializing Spring embedded WebApplicationContext
2025-04-11 11:02:34 [restartedMain] INFO  o.s.b.w.s.c.ServletWebServerApplicationContext - Root WebApplicationContext: initialization completed in 4217 ms
2025-04-11 11:02:35 [restartedMain] INFO  o.s.b.d.a.OptionalLiveReloadServer - LiveReload server is running on port 35729
2025-04-11 11:02:35 [restartedMain] INFO  o.s.b.w.e.tomcat.TomcatWebServer - Tomcat started on port(s): 9090 (http) with context path ''
2025-04-11 11:02:35 [restartedMain] INFO  com.example.demo.DemoApplication - Started DemoApplication in 7.107 seconds (JVM running for 8.536)
2025-04-11 11:03:33 [http-nio-9090-exec-3] INFO  o.a.c.c.C.[Tomcat].[localhost].[/] - Initializing Spring DispatcherServlet 'dispatcherServlet'
2025-04-11 11:03:33 [http-nio-9090-exec-3] INFO  o.s.web.servlet.DispatcherServlet - Initializing Servlet 'dispatcherServlet'
2025-04-11 11:03:33 [http-nio-9090-exec-3] INFO  o.s.web.servlet.DispatcherServlet - Completed initialization in 0 ms
2025-04-11 12:03:10 [restartedMain] INFO  com.example.demo.Student - Starting Student using Java 17.0.4.1 on DESKTOP-S14E6EM with PID 5076 (C:\Users\lenovo\eclipse-workspace\Final Project\Demo\target\classes started by lenovo in C:\Users\lenovo\eclipse-workspace\Final Project\Demo)
2025-04-11 12:03:10 [restartedMain] INFO  com.example.demo.Student - No active profile set, falling back to 1 default profile: "default"
2025-04-11 12:03:11 [restartedMain] INFO  o.s.b.d.e.DevToolsPropertyDefaultsPostProcessor - Devtools property defaults active! Set 'spring.devtools.add-properties' to 'false' to disable
2025-04-11 12:03:11 [restartedMain] INFO  o.s.b.d.e.DevToolsPropertyDefaultsPostProcessor - For additional web related logging consider setting the 'logging.level.web' property to 'DEBUG'
2025-04-11 12:03:15 [restartedMain] INFO  o.s.b.w.e.tomcat.TomcatWebServer - Tomcat initialized with port(s): 9090 (http)
2025-04-11 12:03:15 [restartedMain] INFO  o.a.catalina.core.StandardService - Starting service [Tomcat]
2025-04-11 12:03:15 [restartedMain] INFO  o.a.catalina.core.StandardEngine - Starting Servlet engine: [Apache Tomcat/9.0.65]
2025-04-11 12:03:15 [restartedMain] INFO  o.a.c.c.C.[Tomcat].[localhost].[/] - Initializing Spring embedded WebApplicationContext
2025-04-11 12:03:15 [restartedMain] INFO  o.s.b.w.s.c.ServletWebServerApplicationContext - Root WebApplicationContext: initialization completed in 4615 ms
2025-04-11 12:03:17 [restartedMain] INFO  o.s.b.d.a.OptionalLiveReloadServer - LiveReload server is running on port 35729
2025-04-11 12:03:17 [restartedMain] INFO  o.s.b.w.e.tomcat.TomcatWebServer - Tomcat started on port(s): 9090 (http) with context path ''
2025-04-11 12:03:17 [restartedMain] INFO  com.example.demo.Student - Started Student in 9.312 seconds (JVM running for 11.667)
2025-04-11 12:05:50 [http-nio-9090-exec-1] INFO  o.a.c.c.C.[Tomcat].[localhost].[/] - Initializing Spring DispatcherServlet 'dispatcherServlet'
2025-04-11 12:05:50 [http-nio-9090-exec-1] INFO  o.s.web.servlet.DispatcherServlet - Initializing Servlet 'dispatcherServlet'
2025-04-11 12:05:50 [http-nio-9090-exec-1] INFO  o.s.web.servlet.DispatcherServlet - Completed initialization in 0 ms
2025-04-11 12:06:06 [restartedMain] INFO  com.example.demo.Student - Starting Student using Java 17.0.4.1 on DESKTOP-S14E6EM with PID 5076 (C:\Users\lenovo\eclipse-workspace\Final Project\Demo\target\classes started by lenovo in C:\Users\lenovo\eclipse-workspace\Final Project\Demo)
2025-04-11 12:06:06 [restartedMain] INFO  com.example.demo.Student - No active profile set, falling back to 1 default profile: "default"
2025-04-11 12:06:08 [restartedMain] INFO  o.s.b.w.e.tomcat.TomcatWebServer - Tomcat initialized with port(s): 9090 (http)
2025-04-11 12:06:08 [restartedMain] INFO  o.a.catalina.core.StandardService - Starting service [Tomcat]
2025-04-11 12:06:08 [restartedMain] INFO  o.a.catalina.core.StandardEngine - Starting Servlet engine: [Apache Tomcat/9.0.65]
2025-04-11 12:06:08 [restartedMain] INFO  o.a.c.c.C.[Tomcat].[localhost].[/] - Initializing Spring embedded WebApplicationContext
2025-04-11 12:06:08 [restartedMain] INFO  o.s.b.w.s.c.ServletWebServerApplicationContext - Root WebApplicationContext: initialization completed in 1200 ms
2025-04-11 12:06:08 [restartedMain] INFO  o.s.b.d.a.OptionalLiveReloadServer - LiveReload server is running on port 35729
2025-04-11 12:06:08 [restartedMain] INFO  o.s.b.w.e.tomcat.TomcatWebServer - Tomcat started on port(s): 9090 (http) with context path ''
2025-04-11 12:06:08 [restartedMain] INFO  com.example.demo.Student - Started Student in 1.929 seconds (JVM running for 182.976)
2025-04-11 12:06:08 [restartedMain] INFO  o.s.b.d.a.ConditionEvaluationDeltaLoggingListener - Condition evaluation unchanged
2025-04-11 12:06:38 [restartedMain] INFO  com.example.demo.Student - Starting Student using Java 17.0.4.1 on DESKTOP-S14E6EM with PID 13840 (C:\Users\lenovo\eclipse-workspace\Final Project\Demo\target\classes started by lenovo in C:\Users\lenovo\eclipse-workspace\Final Project\Demo)
2025-04-11 12:06:38 [restartedMain] INFO  com.example.demo.Student - No active profile set, falling back to 1 default profile: "default"
2025-04-11 12:06:38 [restartedMain] INFO  o.s.b.d.e.DevToolsPropertyDefaultsPostProcessor - Devtools property defaults active! Set 'spring.devtools.add-properties' to 'false' to disable
2025-04-11 12:06:38 [restartedMain] INFO  o.s.b.d.e.DevToolsPropertyDefaultsPostProcessor - For additional web related logging consider setting the 'logging.level.web' property to 'DEBUG'
2025-04-11 12:06:41 [restartedMain] INFO  o.s.b.w.e.tomcat.TomcatWebServer - Tomcat initialized with port(s): 9090 (http)
2025-04-11 12:06:41 [restartedMain] INFO  o.a.catalina.core.StandardService - Starting service [Tomcat]
2025-04-11 12:06:41 [restartedMain] INFO  o.a.catalina.core.StandardEngine - Starting Servlet engine: [Apache Tomcat/9.0.65]
2025-04-11 12:06:41 [restartedMain] INFO  o.a.c.c.C.[Tomcat].[localhost].[/] - Initializing Spring embedded WebApplicationContext
2025-04-11 12:06:41 [restartedMain] INFO  o.s.b.w.s.c.ServletWebServerApplicationContext - Root WebApplicationContext: initialization completed in 2836 ms
2025-04-11 12:06:42 [restartedMain] INFO  o.s.b.d.a.OptionalLiveReloadServer - LiveReload server is running on port 35729
2025-04-11 12:06:42 [restartedMain] INFO  o.s.b.w.e.tomcat.TomcatWebServer - Tomcat started on port(s): 9090 (http) with context path ''
2025-04-11 12:06:42 [restartedMain] INFO  com.example.demo.Student - Started Student in 5.466 seconds (JVM running for 6.49)
2025-04-11 12:06:55 [http-nio-9090-exec-1] INFO  o.a.c.c.C.[Tomcat].[localhost].[/] - Initializing Spring DispatcherServlet 'dispatcherServlet'
2025-04-11 12:06:55 [http-nio-9090-exec-1] INFO  o.s.web.servlet.DispatcherServlet - Initializing Servlet 'dispatcherServlet'
2025-04-11 12:06:55 [http-nio-9090-exec-1] INFO  o.s.web.servlet.DispatcherServlet - Completed initialization in 0 ms
2025-04-11 12:08:34 [restartedMain] INFO  com.example.demo.Student - Starting Student using Java 17.0.4.1 on DESKTOP-S14E6EM with PID 4836 (C:\Users\lenovo\eclipse-workspace\Final Project\Demo\target\classes started by lenovo in C:\Users\lenovo\eclipse-workspace\Final Project\Demo)
2025-04-11 12:08:34 [restartedMain] INFO  com.example.demo.Student - No active profile set, falling back to 1 default profile: "default"
2025-04-11 12:08:34 [restartedMain] INFO  o.s.b.d.e.DevToolsPropertyDefaultsPostProcessor - Devtools property defaults active! Set 'spring.devtools.add-properties' to 'false' to disable
2025-04-11 12:08:34 [restartedMain] INFO  o.s.b.d.e.DevToolsPropertyDefaultsPostProcessor - For additional web related logging consider setting the 'logging.level.web' property to 'DEBUG'
2025-04-11 12:08:37 [restartedMain] INFO  o.s.b.w.e.tomcat.TomcatWebServer - Tomcat initialized with port(s): 9090 (http)
2025-04-11 12:08:37 [restartedMain] INFO  o.a.catalina.core.StandardService - Starting service [Tomcat]
2025-04-11 12:08:37 [restartedMain] INFO  o.a.catalina.core.StandardEngine - Starting Servlet engine: [Apache Tomcat/9.0.65]
2025-04-11 12:08:37 [restartedMain] INFO  o.a.c.c.C.[Tomcat].[localhost].[/] - Initializing Spring embedded WebApplicationContext
2025-04-11 12:08:37 [restartedMain] INFO  o.s.b.w.s.c.ServletWebServerApplicationContext - Root WebApplicationContext: initialization completed in 3008 ms
2025-04-11 12:08:38 [restartedMain] INFO  o.s.b.d.a.OptionalLiveReloadServer - LiveReload server is running on port 35729
2025-04-11 12:08:38 [restartedMain] INFO  o.s.b.w.e.tomcat.TomcatWebServer - Tomcat started on port(s): 9090 (http) with context path ''
2025-04-11 12:08:38 [restartedMain] INFO  com.example.demo.Student - Started Student in 5.435 seconds (JVM running for 6.453)
2025-04-11 12:08:52 [http-nio-9090-exec-1] INFO  o.a.c.c.C.[Tomcat].[localhost].[/] - Initializing Spring DispatcherServlet 'dispatcherServlet'
2025-04-11 12:08:52 [http-nio-9090-exec-1] INFO  o.s.web.servlet.DispatcherServlet - Initializing Servlet 'dispatcherServlet'
2025-04-11 12:08:52 [http-nio-9090-exec-1] INFO  o.s.web.servlet.DispatcherServlet - Completed initialization in 5 ms
2025-04-11 12:09:42 [restartedMain] INFO  com.example.demo.Student - Starting Student using Java 17.0.4.1 on DESKTOP-S14E6EM with PID 4836 (C:\Users\lenovo\eclipse-workspace\Final Project\Demo\target\classes started by lenovo in C:\Users\lenovo\eclipse-workspace\Final Project\Demo)
2025-04-11 12:09:42 [restartedMain] INFO  com.example.demo.Student - No active profile set, falling back to 1 default profile: "default"
2025-04-11 12:09:42 [restartedMain] WARN  o.s.b.w.s.c.AnnotationConfigServletWebServerApplicationContext - Exception encountered during context initialization - cancelling refresh attempt: org.springframework.context.ApplicationContextException: Unable to start web server; nested exception is org.springframework.boot.web.context.MissingWebServerFactoryBeanException: No qualifying bean of type 'org.springframework.boot.web.servlet.server.ServletWebServerFactory' available: Unable to start AnnotationConfigServletWebServerApplicationContext due to missing ServletWebServerFactory bean
2025-04-11 12:09:42 [restartedMain] ERROR o.s.b.d.LoggingFailureAnalysisReporter - 

***************************
APPLICATION FAILED TO START
***************************

Description:

Web application could not be started as there was no org.springframework.boot.web.servlet.server.ServletWebServerFactory bean defined in the context.

Action:

Check your application's dependencies for a supported servlet web server.
Check the configured web application type.

2025-04-11 12:09:50 [restartedMain] INFO  com.example.demo.Student - Starting Student using Java 17.0.4.1 on DESKTOP-S14E6EM with PID 4836 (C:\Users\lenovo\eclipse-workspace\Final Project\Demo\target\classes started by lenovo in C:\Users\lenovo\eclipse-workspace\Final Project\Demo)
2025-04-11 12:09:50 [restartedMain] INFO  com.example.demo.Student - No active profile set, falling back to 1 default profile: "default"
2025-04-11 12:09:50 [restartedMain] WARN  o.s.b.w.s.c.AnnotationConfigServletWebServerApplicationContext - Exception encountered during context initialization - cancelling refresh attempt: org.springframework.context.ApplicationContextException: Unable to start web server; nested exception is org.springframework.boot.web.context.MissingWebServerFactoryBeanException: No qualifying bean of type 'org.springframework.boot.web.servlet.server.ServletWebServerFactory' available: Unable to start AnnotationConfigServletWebServerApplicationContext due to missing ServletWebServerFactory bean
2025-04-11 12:09:50 [restartedMain] ERROR o.s.b.d.LoggingFailureAnalysisReporter - 

***************************
APPLICATION FAILED TO START
***************************

Description:

Web application could not be started as there was no org.springframework.boot.web.servlet.server.ServletWebServerFactory bean defined in the context.

Action:

Check your application's dependencies for a supported servlet web server.
Check the configured web application type.

2025-04-11 12:10:11 [restartedMain] INFO  com.example.demo.Student - Starting Student using Java 17.0.4.1 on DESKTOP-S14E6EM with PID 4836 (C:\Users\lenovo\eclipse-workspace\Final Project\Demo\target\classes started by lenovo in C:\Users\lenovo\eclipse-workspace\Final Project\Demo)
2025-04-11 12:10:11 [restartedMain] INFO  com.example.demo.Student - No active profile set, falling back to 1 default profile: "default"
2025-04-11 12:10:11 [restartedMain] WARN  o.s.b.w.s.c.AnnotationConfigServletWebServerApplicationContext - Exception encountered during context initialization - cancelling refresh attempt: org.springframework.context.ApplicationContextException: Unable to start web server; nested exception is org.springframework.boot.web.context.MissingWebServerFactoryBeanException: No qualifying bean of type 'org.springframework.boot.web.servlet.server.ServletWebServerFactory' available: Unable to start AnnotationConfigServletWebServerApplicationContext due to missing ServletWebServerFactory bean
2025-04-11 12:10:11 [restartedMain] ERROR o.s.b.d.LoggingFailureAnalysisReporter - 

***************************
APPLICATION FAILED TO START
***************************

Description:

Web application could not be started as there was no org.springframework.boot.web.servlet.server.ServletWebServerFactory bean defined in the context.

Action:

Check your application's dependencies for a supported servlet web server.
Check the configured web application type.

2025-04-11 12:20:02 [restartedMain] INFO  com.example.demo.Student - Starting Student using Java 17.0.4.1 on DESKTOP-S14E6EM with PID 4836 (C:\Users\lenovo\eclipse-workspace\Final Project\Demo\target\classes started by lenovo in C:\Users\lenovo\eclipse-workspace\Final Project\Demo)
2025-04-11 12:20:02 [restartedMain] INFO  com.example.demo.Student - No active profile set, falling back to 1 default profile: "default"
2025-04-11 12:20:02 [restartedMain] WARN  o.s.b.w.s.c.AnnotationConfigServletWebServerApplicationContext - Exception encountered during context initialization - cancelling refresh attempt: org.springframework.context.ApplicationContextException: Unable to start web server; nested exception is org.springframework.boot.web.context.MissingWebServerFactoryBeanException: No qualifying bean of type 'org.springframework.boot.web.servlet.server.ServletWebServerFactory' available: Unable to start AnnotationConfigServletWebServerApplicationContext due to missing ServletWebServerFactory bean
2025-04-11 12:20:02 [restartedMain] ERROR o.s.b.d.LoggingFailureAnalysisReporter - 

***************************
APPLICATION FAILED TO START
***************************

Description:

Web application could not be started as there was no org.springframework.boot.web.servlet.server.ServletWebServerFactory bean defined in the context.

Action:

Check your application's dependencies for a supported servlet web server.
Check the configured web application type.

2025-04-11 12:33:35 [restartedMain] INFO  com.example.demo.Student - Starting Student using Java 17.0.4.1 on DESKTOP-S14E6EM with PID 3924 (C:\Users\lenovo\eclipse-workspace\Final Project\Demo\target\classes started by lenovo in C:\Users\lenovo\eclipse-workspace\Final Project\Demo)
2025-04-11 12:33:35 [restartedMain] INFO  com.example.demo.Student - No active profile set, falling back to 1 default profile: "default"
2025-04-11 12:33:35 [restartedMain] INFO  o.s.b.d.e.DevToolsPropertyDefaultsPostProcessor - Devtools property defaults active! Set 'spring.devtools.add-properties' to 'false' to disable
2025-04-11 12:33:35 [restartedMain] INFO  o.s.b.d.e.DevToolsPropertyDefaultsPostProcessor - For additional web related logging consider setting the 'logging.level.web' property to 'DEBUG'
2025-04-11 12:33:35 [restartedMain] WARN  o.s.b.w.s.c.AnnotationConfigServletWebServerApplicationContext - Exception encountered during context initialization - cancelling refresh attempt: org.springframework.context.ApplicationContextException: Unable to start web server; nested exception is org.springframework.boot.web.context.MissingWebServerFactoryBeanException: No qualifying bean of type 'org.springframework.boot.web.servlet.server.ServletWebServerFactory' available: Unable to start AnnotationConfigServletWebServerApplicationContext due to missing ServletWebServerFactory bean
2025-04-11 12:33:35 [restartedMain] ERROR o.s.b.d.LoggingFailureAnalysisReporter - 

***************************
APPLICATION FAILED TO START
***************************

Description:

Web application could not be started as there was no org.springframework.boot.web.servlet.server.ServletWebServerFactory bean defined in the context.

Action:

Check your application's dependencies for a supported servlet web server.
Check the configured web application type.

