2022-08-10 15:17:58 [restartedMain] INFO  com.example.demo.DemoApplication - Starting DemoApplication using Java 15.0.1 on HP with PID 2160 (D:\Main WorkSpace\logs\demo\target\classes started by RAM in D:\Main WorkSpace\logs\demo)
2022-08-10 15:17:58 [restartedMain] INFO  com.example.demo.DemoApplication - No active profile set, falling back to 1 default profile: "default"
2022-08-10 15:17:58 [restartedMain] INFO  o.s.b.d.e.DevToolsPropertyDefaultsPostProcessor - Devtools property defaults active! Set 'spring.devtools.add-properties' to 'false' to disable
2022-08-10 15:17:58 [restartedMain] INFO  o.s.b.d.e.DevToolsPropertyDefaultsPostProcessor - For additional web related logging consider setting the 'logging.level.web' property to 'DEBUG'
2022-08-10 15:17:59 [restartedMain] INFO  o.s.b.w.e.tomcat.TomcatWebServer - Tomcat initialized with port(s): 9090 (http)
2022-08-10 15:17:59 [restartedMain] INFO  o.a.catalina.core.StandardService - Starting service [Tomcat]
2022-08-10 15:17:59 [restartedMain] INFO  o.a.catalina.core.StandardEngine - Starting Servlet engine: [Apache Tomcat/9.0.65]
2022-08-10 15:17:59 [restartedMain] INFO  o.a.c.c.C.[Tomcat].[localhost].[/] - Initializing Spring embedded WebApplicationContext
2022-08-10 15:17:59 [restartedMain] INFO  o.s.b.w.s.c.ServletWebServerApplicationContext - Root WebApplicationContext: initialization completed in 1484 ms
2022-08-10 15:18:00 [restartedMain] INFO  o.s.b.d.a.OptionalLiveReloadServer - LiveReload server is running on port 35729
2022-08-10 15:18:00 [restartedMain] INFO  o.s.b.w.e.tomcat.TomcatWebServer - Tomcat started on port(s): 9090 (http) with context path ''
2022-08-10 15:18:00 [restartedMain] INFO  com.example.demo.DemoApplication - Started DemoApplication in 2.756 seconds (JVM running for 4.183)
2022-08-10 15:18:29 [restartedMain] INFO  com.example.demo.DemoApplication - Starting DemoApplication using Java 15.0.1 on HP with PID 2160 (D:\Main WorkSpace\logs\demo\target\classes started by RAM in D:\Main WorkSpace\logs\demo)
2022-08-10 15:18:29 [restartedMain] INFO  com.example.demo.DemoApplication - No active profile set, falling back to 1 default profile: "default"
2022-08-10 15:18:29 [restartedMain] INFO  o.s.b.w.e.tomcat.TomcatWebServer - Tomcat initialized with port(s): 9090 (http)
2022-08-10 15:18:29 [restartedMain] INFO  o.a.catalina.core.StandardService - Starting service [Tomcat]
2022-08-10 15:18:29 [restartedMain] INFO  o.a.catalina.core.StandardEngine - Starting Servlet engine: [Apache Tomcat/9.0.65]
2022-08-10 15:18:29 [restartedMain] INFO  o.a.c.c.C.[Tomcat].[localhost].[/] - Initializing Spring embedded WebApplicationContext
2022-08-10 15:18:29 [restartedMain] INFO  o.s.b.w.s.c.ServletWebServerApplicationContext - Root WebApplicationContext: initialization completed in 284 ms
2022-08-10 15:18:29 [restartedMain] INFO  o.s.b.d.a.OptionalLiveReloadServer - LiveReload server is running on port 35729
2022-08-10 15:18:29 [restartedMain] INFO  o.s.b.w.e.tomcat.TomcatWebServer - Tomcat started on port(s): 9090 (http) with context path ''
2022-08-10 15:18:29 [restartedMain] INFO  com.example.demo.DemoApplication - Started DemoApplication in 0.462 seconds (JVM running for 33.231)
2022-08-10 15:18:29 [restartedMain] INFO  o.s.b.d.a.ConditionEvaluationDeltaLoggingListener - Condition evaluation unchanged
2022-08-10 15:18:45 [restartedMain] INFO  com.example.demo.DemoApplication - Starting DemoApplication using Java 15.0.1 on HP with PID 2160 (D:\Main WorkSpace\logs\demo\target\classes started by RAM in D:\Main WorkSpace\logs\demo)
2022-08-10 15:18:45 [restartedMain] INFO  com.example.demo.DemoApplication - No active profile set, falling back to 1 default profile: "default"
2022-08-10 15:18:45 [restartedMain] INFO  o.s.b.w.e.tomcat.TomcatWebServer - Tomcat initialized with port(s): 9090 (http)
2022-08-10 15:18:45 [restartedMain] INFO  o.a.catalina.core.StandardService - Starting service [Tomcat]
2022-08-10 15:18:45 [restartedMain] INFO  o.a.catalina.core.StandardEngine - Starting Servlet engine: [Apache Tomcat/9.0.65]
2022-08-10 15:18:45 [restartedMain] INFO  o.a.c.c.C.[Tomcat].[localhost].[/] - Initializing Spring embedded WebApplicationContext
2022-08-10 15:18:45 [restartedMain] INFO  o.s.b.w.s.c.ServletWebServerApplicationContext - Root WebApplicationContext: initialization completed in 255 ms
2022-08-10 15:18:45 [restartedMain] INFO  o.s.b.d.a.OptionalLiveReloadServer - LiveReload server is running on port 35729
2022-08-10 15:18:45 [restartedMain] INFO  o.s.b.w.e.tomcat.TomcatWebServer - Tomcat started on port(s): 9090 (http) with context path ''
2022-08-10 15:18:45 [restartedMain] INFO  com.example.demo.DemoApplication - Started DemoApplication in 0.447 seconds (JVM running for 49.44)
2022-08-10 15:18:45 [restartedMain] INFO  o.s.b.d.a.ConditionEvaluationDeltaLoggingListener - Condition evaluation unchanged
2022-08-10 15:19:17 [RMI TCP Connection(15)-127.0.0.1] INFO  o.s.b.a.SpringApplicationAdminMXBeanRegistrar$SpringApplicationAdmin - Application shutdown requested.
2022-08-10 15:21:16 [restartedMain] INFO  com.example.demo.DemoApplication - Starting DemoApplication using Java 15.0.1 on HP with PID 11508 (D:\Main WorkSpace\logs\demo\target\classes started by RAM in D:\Main WorkSpace\logs\demo)
2022-08-10 15:21:16 [restartedMain] INFO  com.example.demo.DemoApplication - No active profile set, falling back to 1 default profile: "default"
2022-08-10 15:21:16 [restartedMain] INFO  o.s.b.d.e.DevToolsPropertyDefaultsPostProcessor - Devtools property defaults active! Set 'spring.devtools.add-properties' to 'false' to disable
2022-08-10 15:21:16 [restartedMain] INFO  o.s.b.d.e.DevToolsPropertyDefaultsPostProcessor - For additional web related logging consider setting the 'logging.level.web' property to 'DEBUG'
2022-08-10 15:21:19 [restartedMain] INFO  o.s.b.w.e.tomcat.TomcatWebServer - Tomcat initialized with port(s): 9090 (http)
2022-08-10 15:21:19 [restartedMain] INFO  o.a.catalina.core.StandardService - Starting service [Tomcat]
2022-08-10 15:21:19 [restartedMain] INFO  o.a.catalina.core.StandardEngine - Starting Servlet engine: [Apache Tomcat/9.0.65]
2022-08-10 15:21:19 [restartedMain] INFO  o.a.c.c.C.[Tomcat].[localhost].[/] - Initializing Spring embedded WebApplicationContext
2022-08-10 15:21:19 [restartedMain] INFO  o.s.b.w.s.c.ServletWebServerApplicationContext - Root WebApplicationContext: initialization completed in 3605 ms
2022-08-10 15:21:22 [restartedMain] INFO  o.s.b.d.a.OptionalLiveReloadServer - LiveReload server is running on port 35729
2022-08-10 15:21:22 [restartedMain] INFO  o.s.b.w.e.tomcat.TomcatWebServer - Tomcat started on port(s): 9090 (http) with context path ''
2022-08-10 15:21:22 [restartedMain] INFO  com.example.demo.DemoApplication - Started DemoApplication in 8.154 seconds (JVM running for 11.562)
2022-08-10 15:21:22 [restartedMain] ERROR com.example.demo.DemoApplication - Message logged at ERROR level
2022-08-10 15:21:22 [restartedMain] WARN  com.example.demo.DemoApplication - Message logged at WARN level
2022-08-10 15:21:22 [restartedMain] INFO  com.example.demo.DemoApplication - Message logged at INFO level
2022-08-10 19:53:34 [RMI TCP Connection(105)-127.0.0.1] INFO  o.s.b.a.SpringApplicationAdminMXBeanRegistrar$SpringApplicationAdmin - Application shutdown requested.
